<mapper>
    <select id="selectByFileName" >
        select * from student
        <where>
            name in
            <foreach collection="list" item="item" separator="," open="(" close=")">
                #{item}
            </foreach>
        </where>
    </select>

    <select id="selectByFileName2" >
        select * from student
        <where>
            name in
            <foreach collection="list" item="item" separator="," open="(" close=")">
                #{item.name}
            </foreach>
        </where>
    </select>

    <select id="selectByFileName3" >
        select * from student
        <where>
            name = #{name}
        </where>
    </select>


    <select id="selectByFileName4" >
        select * from student
        <where>
            name = #{student.name}
        </where>
    </select>
</mapper>